[debug] [2022-06-22T12:06:53.449Z] ----------------------------------------------------------------------
[debug] [2022-06-22T12:06:53.450Z] Command:       C:\Program Files\nodejs\node.exe C:\Users\abcda\AppData\Roaming\npm\node_modules\firebase-tools\lib\bin\firebase.js init
[debug] [2022-06-22T12:06:53.451Z] CLI Version:   11.1.0
[debug] [2022-06-22T12:06:53.451Z] Platform:      win32
[debug] [2022-06-22T12:06:53.451Z] Node Version:  v16.15.0
[debug] [2022-06-22T12:06:53.452Z] Time:          Wed Jun 22 2022 17:36:53 GMT+0530 (India Standard Time)
[debug] [2022-06-22T12:06:53.452Z] ----------------------------------------------------------------------
[debug] 
[debug] [2022-06-22T12:06:53.499Z] > command requires scopes: ["email","openid","https://www.googleapis.com/auth/cloudplatformprojects.readonly","https://www.googleapis.com/auth/firebase","https://www.googleapis.com/auth/cloud-platform"]
[debug] [2022-06-22T12:06:53.500Z] > authorizing via signed-in user (abcdamit44@gmail.com)
[info] 
     ######## #### ########  ######## ########     ###     ######  ########
     ##        ##  ##     ## ##       ##     ##  ##   ##  ##       ##
     ######    ##  ########  ######   ########  #########  ######  ######
     ##        ##  ##    ##  ##       ##     ## ##     ##       ## ##
     ##       #### ##     ## ######## ########  ##     ##  ######  ########

You're about to initialize a Firebase project in this directory:

  W:\Projects\MERN\tinder-clone\frontend

Before we get started, keep in mind:

  * You are initializing within an existing Firebase project directory

[info] 
=== Project Setup
[info] 
[info] First, let's associate this project directory with a Firebase project.
[info] You can create multiple project aliases by running firebase use --add, 
[info] but for now we'll just set up a default project.
[info] 
[debug] [2022-06-22T12:07:07.038Z] Using project from CLI flag: tinder-clone-9299a
[debug] [2022-06-22T12:07:07.040Z] >>> [apiv2][query] GET https://firebase.googleapis.com/v1beta1/projects/tinder-clone-9299a [none]
[debug] [2022-06-22T12:07:07.572Z] <<< [apiv2][status] GET https://firebase.googleapis.com/v1beta1/projects/tinder-clone-9299a 200
[debug] [2022-06-22T12:07:07.572Z] <<< [apiv2][body] GET https://firebase.googleapis.com/v1beta1/projects/tinder-clone-9299a {"projectId":"tinder-clone-9299a","projectNumber":"907267801379","displayName":"Tinder-clone","name":"projects/tinder-clone-9299a","resources":{"hostingSite":"tinder-clone-9299a","realtimeDatabaseInstance":"tinder-clone-9299a-default-rtdb"},"state":"ACTIVE"}
[info] i  Using project tinder-clone-9299a (Tinder-clone) 
[info] 
=== Hosting Setup
[info] 
[info] Your public directory is the folder (relative to your project directory) that
[info] will contain Hosting assets to be uploaded with firebase deploy. If you
[info] have a build process for your assets, use your build's output directory.
[info] 
[debug] [2022-06-22T12:07:20.371Z] >>> [apiv2][query] GET https://www.gstatic.com/firebasejs/releases.json [none]
[debug] [2022-06-22T12:07:21.104Z] <<< [apiv2][status] GET https://www.gstatic.com/firebasejs/releases.json 200
[debug] [2022-06-22T12:07:21.104Z] <<< [apiv2][body] GET https://www.gstatic.com/firebasejs/releases.json {"current":{"version":"9.8.3","browserURL":"https://www.gstatic.com/firebasejs/9.8.3/firebase.js","packageURL":"https://www.gstatic.com/firebasejs/9.8.3/firebase.tgz"},"live":{"version":"9.8","browserURL":"https://www.gstatic.com/firebasejs/live/9.8/firebase.js","packageURL":"https://www.gstatic.com/firebasejs/live/9.8/firebase.tgz"},"components":{"analytics":"https://www.gstatic.com/firebasejs/9.8.3/firebase-analytics.js","app":"https://www.gstatic.com/firebasejs/9.8.3/firebase-app.js","app-check":"https://www.gstatic.com/firebasejs/9.8.3/firebase-app-check.js","auth":"https://www.gstatic.com/firebasejs/9.8.3/firebase-auth.js","auth/cordova":"https://www.gstatic.com/firebasejs/9.8.3/firebase-auth/cordova.js","auth/react-native":"https://www.gstatic.com/firebasejs/9.8.3/firebase-auth/react-native.js","functions":"https://www.gstatic.com/firebasejs/9.8.3/firebase-functions.js","firestore":"https://www.gstatic.com/firebasejs/9.8.3/firebase-firestore.js","firestore/lite":"https://www.gstatic.com/firebasejs/9.8.3/firebase-firestore/lite.js","storage":"https://www.gstatic.com/firebasejs/9.8.3/firebase-storage.js","performance":"https://www.gstatic.com/firebasejs/9.8.3/firebase-performance.js","remote-config":"https://www.gstatic.com/firebasejs/9.8.3/firebase-remote-config.js","messaging":"https://www.gstatic.com/firebasejs/9.8.3/firebase-messaging.js","messaging/sw":"https://www.gstatic.com/firebasejs/9.8.3/firebase-messaging/sw.js","database":"https://www.gstatic.com/firebasejs/9.8.3/firebase-database.js","firestore.memory":"https://www.gstatic.com/firebasejs/9.8.3/firebase-firestore.memory.js"}}
[info] +  Wrote build/index.html 
[info] 
[info] i  Detected a .git folder at W:\Projects\MERN\tinder-clone\frontend 
[info] i  Authorizing with GitHub to upload your service account to a GitHub repository's secrets store. 
[info] 
[info] Visit this URL on this device to log in:
[info] https://github.com/login/oauth/authorize?client_id=89cf50f02ac6aaed3484&state=768009815&redirect_uri=http%3A%2F%2Flocalhost%3A9005&scope=read%3Auser%20repo%20public_repo
[info] 
[info] Waiting for authentication...
[debug] [2022-06-22T12:07:30.271Z] >>> [apiv2][query] POST https://github.com/login/oauth/access_token [none]
[debug] [2022-06-22T12:07:30.271Z] >>> [apiv2][body] POST https://github.com/login/oauth/access_token [stream]
[debug] [2022-06-22T12:07:30.696Z] <<< [apiv2][status] POST https://github.com/login/oauth/access_token 200
[debug] [2022-06-22T12:07:30.696Z] <<< [apiv2][body] POST https://github.com/login/oauth/access_token {"access_token":"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","token_type":"bearer","scope":"read:user,repo"}
[debug] [2022-06-22T12:07:30.700Z] >>> [apiv2][query] GET https://api.github.com/user [none]
[debug] [2022-06-22T12:07:31.214Z] <<< [apiv2][status] GET https://api.github.com/user 200
[debug] [2022-06-22T12:07:31.215Z] <<< [apiv2][body] GET https://api.github.com/user {"login":"abcdamit44","id":61650287,"node_id":"MDQ6VXNlcjYxNjUwMjg3","avatar_url":"https://avatars.githubusercontent.com/u/61650287?v=4","gravatar_id":"","url":"https://api.github.com/users/abcdamit44","html_url":"https://github.com/abcdamit44","followers_url":"https://api.github.com/users/abcdamit44/followers","following_url":"https://api.github.com/users/abcdamit44/following{/other_user}","gists_url":"https://api.github.com/users/abcdamit44/gists{/gist_id}","starred_url":"https://api.github.com/users/abcdamit44/starred{/owner}{/repo}","subscriptions_url":"https://api.github.com/users/abcdamit44/subscriptions","organizations_url":"https://api.github.com/users/abcdamit44/orgs","repos_url":"https://api.github.com/users/abcdamit44/repos","events_url":"https://api.github.com/users/abcdamit44/events{/privacy}","received_events_url":"https://api.github.com/users/abcdamit44/received_events","type":"User","site_admin":false,"name":"Amit Singh","company":"Krishav Info Tech Private Limited ","blog":"","location":"Bokaro","email":null,"hireable":null,"bio":"Talk is cheap show me the code.","twitter_username":"alramit","public_repos":57,"public_gists":0,"followers":2,"following":1,"created_at":"2020-03-01T10:16:24Z","updated_at":"2022-06-22T11:30:58Z","private_gists":0,"total_private_repos":15,"owned_private_repos":15,"disk_usage":344612,"collaborators":1,"two_factor_authentication":false,"plan":{"name":"free","space":976562499,"collaborators":0,"private_repos":10000}}
[info] 
[info] +  Success! Logged into GitHub as abcdamit44 
[info] 
[debug] [2022-06-22T12:08:05.554Z] >>> [apiv2][query] GET https://api.github.com/repos/tinder-clone/actions/secrets/public-key type=owner
[debug] [2022-06-22T12:08:07.679Z] <<< [apiv2][status] GET https://api.github.com/repos/tinder-clone/actions/secrets/public-key 404
[debug] [2022-06-22T12:08:07.679Z] <<< [apiv2][body] GET https://api.github.com/repos/tinder-clone/actions/secrets/public-key {"message":"Not Found","documentation_url":"https://docs.github.com/rest"}
[debug] [2022-06-22T12:08:38.434Z] >>> [apiv2][query] GET https://api.github.com/repos/tinder-clone/actions/secrets/public-key type=owner
[debug] [2022-06-22T12:08:38.797Z] <<< [apiv2][status] GET https://api.github.com/repos/tinder-clone/actions/secrets/public-key 404
[debug] [2022-06-22T12:08:38.798Z] <<< [apiv2][body] GET https://api.github.com/repos/tinder-clone/actions/secrets/public-key {"message":"Not Found","documentation_url":"https://docs.github.com/rest"}
[debug] [2022-06-22T12:08:42.886Z] >>> [apiv2][query] GET https://api.github.com/repos/tinder-clone/actions/secrets/public-key type=owner
[debug] [2022-06-22T12:08:43.580Z] <<< [apiv2][status] GET https://api.github.com/repos/tinder-clone/actions/secrets/public-key 404
[debug] [2022-06-22T12:08:43.580Z] <<< [apiv2][body] GET https://api.github.com/repos/tinder-clone/actions/secrets/public-key {"message":"Not Found","documentation_url":"https://docs.github.com/rest"}
[debug] [2022-06-22T12:11:24.554Z] >>> [apiv2][query] GET https://api.github.com/repos/abcdamit44/tinder-clone/actions/secrets/public-key type=owner
[debug] [2022-06-22T12:11:24.927Z] <<< [apiv2][status] GET https://api.github.com/repos/abcdamit44/tinder-clone/actions/secrets/public-key 404
[debug] [2022-06-22T12:11:24.927Z] <<< [apiv2][body] GET https://api.github.com/repos/abcdamit44/tinder-clone/actions/secrets/public-key {"message":"Not Found","documentation_url":"https://docs.github.com/rest/reference/actions#get-a-repository-public-key"}
